0 info it worked if it ends with ok
1 verbose cli [ 'node', '/usr/local/bin/npm', 'install', 'pubnub-3.7.8' ]
2 info using npm@1.4.28
3 info using node@v0.10.33
4 verbose readDependencies using package.json deps
5 verbose cache add [ 'pubnub-3.7.8', null ]
6 verbose cache add name=undefined spec="pubnub-3.7.8" args=["pubnub-3.7.8",null]
7 verbose parsed url { protocol: null,
7 verbose parsed url   slashes: null,
7 verbose parsed url   auth: null,
7 verbose parsed url   host: null,
7 verbose parsed url   port: null,
7 verbose parsed url   hostname: null,
7 verbose parsed url   hash: null,
7 verbose parsed url   search: null,
7 verbose parsed url   query: null,
7 verbose parsed url   pathname: 'pubnub-3.7.8',
7 verbose parsed url   path: 'pubnub-3.7.8',
7 verbose parsed url   href: 'pubnub-3.7.8' }
8 silly lockFile e948730b-pubnub-3-7-8 pubnub-3.7.8
9 verbose lock pubnub-3.7.8 /Users/Frederick/.npm/e948730b-pubnub-3-7-8.lock
10 silly lockFile e948730b-pubnub-3-7-8 pubnub-3.7.8
11 silly lockFile e948730b-pubnub-3-7-8 pubnub-3.7.8
12 verbose addNamed [ 'pubnub-3.7.8', '' ]
13 verbose addNamed [ null, '*' ]
14 silly lockFile 827b5256-pubnub-3-7-8 pubnub-3.7.8@
15 verbose lock pubnub-3.7.8@ /Users/Frederick/.npm/827b5256-pubnub-3-7-8.lock
16 silly addNameRange { name: 'pubnub-3.7.8', range: '*', hasData: false }
17 verbose request where is /pubnub-3.7.8
18 verbose request registry https://registry.npmjs.org/
19 verbose request id 1a88a4078b068085
20 verbose url raw /pubnub-3.7.8
21 verbose url resolving [ 'https://registry.npmjs.org/', './pubnub-3.7.8' ]
22 verbose url resolved https://registry.npmjs.org/pubnub-3.7.8
23 verbose request where is https://registry.npmjs.org/pubnub-3.7.8
24 info trying registry request attempt 1 at 01:43:17
25 http GET https://registry.npmjs.org/pubnub-3.7.8
26 http 404 https://registry.npmjs.org/pubnub-3.7.8
27 silly registry.get cb [ 404,
27 silly registry.get   { 'content-type': 'application/json',
27 silly registry.get     'cache-control': 'max-age=0',
27 silly registry.get     'content-length': '2',
27 silly registry.get     'accept-ranges': 'bytes',
27 silly registry.get     date: 'Wed, 09 Sep 2015 08:43:17 GMT',
27 silly registry.get     via: '1.1 varnish',
27 silly registry.get     age: '0',
27 silly registry.get     connection: 'keep-alive',
27 silly registry.get     'x-served-by': 'cache-sjc3122-SJC',
27 silly registry.get     'x-cache': 'MISS',
27 silly registry.get     'x-cache-hits': '0',
27 silly registry.get     'x-timer': 'S1441788197.723155,VS0,VE45' } ]
28 silly lockFile 827b5256-pubnub-3-7-8 pubnub-3.7.8@
29 silly lockFile 827b5256-pubnub-3-7-8 pubnub-3.7.8@
30 error 404 Not Found
30 error 404
30 error 404 'pubnub-3.7.8' is not in the npm registry.
30 error 404 You should bug the author to publish it
30 error 404 It was specified as a dependency of 'ChatterboxAPI'
30 error 404
30 error 404 Note that you can also install from a
30 error 404 tarball, folder, or http url, or git url.
31 error System Darwin 14.4.0
32 error command "node" "/usr/local/bin/npm" "install" "pubnub-3.7.8"
33 error cwd /Users/Frederick/chatterbox_api/chatterbox-api
34 error node -v v0.10.33
35 error npm -v 1.4.28
36 error code E404
37 verbose exit [ 1, true ]
